# JRE version: Java(TM) SE Runtime Environment (8.0_66-b17) (build 1.8.0_66-b17)
# Java VM: Java HotSpot(TM) 64-Bit Server VM (25.66-b17 mixed mode windows-amd64 compressed oops)
Heap:
 PSYoungGen      total 31744K, used 30124K [0x00000000d5f00000, 0x00000000d9880000, 0x0000000100000000)
  eden space 30208K, 96% used [0x00000000d5f00000,0x00000000d7b6a1e8,0x00000000d7c80000)
  from space 1536K, 66% used [0x00000000d7d00000,0x00000000d7e01048,0x00000000d7e80000)
  to   space 14336K, 0% used [0x00000000d8a80000,0x00000000d8a80000,0x00000000d9880000)
 ParOldGen       total 87552K, used 19010K [0x0000000081c00000, 0x0000000087180000, 0x00000000d5f00000)
  object space 87552K, 21% used [0x0000000081c00000,0x0000000082e90938,0x0000000087180000)
 Metaspace       used 12151K, capacity 12320K, committed 12416K, reserved 1060864K
  class space    used 1502K, capacity 1572K, committed 1664K, reserved 1048576K
GC Heap History (10 events):
Event: 19.115 GC heap before
{Heap before GC invocations=5 (full 0):
 PSYoungGen      total 38400K, used 37380K [0x00000000d5f00000, 0x00000000d8980000, 0x0000000100000000)
  eden space 33280K, 99% used [0x00000000d5f00000,0x00000000d7f63410,0x00000000d7f80000)
  from space 5120K, 82% used [0x00000000d8480000,0x00000000d889ddf0,0x00000000d8980000)
  to   space 5120K, 0% used [0x00000000d7f80000,0x00000000d7f80000,0x00000000d8480000)
 ParOldGen       total 87552K, used 14809K [0x0000000081c00000, 0x0000000087180000, 0x00000000d5f00000)
  object space 87552K, 16% used [0x0000000081c00000,0x0000000082a76598,0x0000000087180000)
 Metaspace       used 12069K, capacity 12256K, committed 12416K, reserved 1060864K
  class space    used 1501K, capacity 1572K, committed 1664K, reserved 1048576K
Event: 19.134 GC heap after
Heap after GC invocations=5 (full 0):
 PSYoungGen      total 37888K, used 4199K [0x00000000d5f00000, 0x00000000d9700000, 0x0000000100000000)
  eden space 32768K, 0% used [0x00000000d5f00000,0x00000000d5f00000,0x00000000d7f00000)
  from space 5120K, 82% used [0x00000000d7f80000,0x00000000d8399e00,0x00000000d8480000)
  to   space 12288K, 0% used [0x00000000d8b00000,0x00000000d8b00000,0x00000000d9700000)
 ParOldGen       total 87552K, used 14817K [0x0000000081c00000, 0x0000000087180000, 0x00000000d5f00000)
  object space 87552K, 16% used [0x0000000081c00000,0x0000000082a78598,0x0000000087180000)
 Metaspace       used 12069K, capacity 12256K, committed 12416K, reserved 1060864K
  class space    used 1501K, capacity 1572K, committed 1664K, reserved 1048576K
}
Event: 29.071 GC heap before
{Heap before GC invocations=6 (full 0):
 PSYoungGen      total 37888K, used 36417K [0x00000000d5f00000, 0x00000000d9700000, 0x0000000100000000)
  eden space 32768K, 98% used [0x00000000d5f00000,0x00000000d7e76700,0x00000000d7f00000)
  from space 5120K, 82% used [0x00000000d7f80000,0x00000000d8399e00,0x00000000d8480000)
  to   space 12288K, 0% used [0x00000000d8b00000,0x00000000d8b00000,0x00000000d9700000)
 ParOldGen       total 87552K, used 14817K [0x0000000081c00000, 0x0000000087180000, 0x00000000d5f00000)
  object space 87552K, 16% used [0x0000000081c00000,0x0000000082a78598,0x0000000087180000)
 Metaspace       used 12080K, capacity 12256K, committed 12416K, reserved 1060864K
  class space    used 1501K, capacity 1572K, committed 1664K, reserved 1048576K
Event: 29.100 GC heap after
Heap after GC invocations=6 (full 0):
 PSYoungGen      total 44032K, used 9994K [0x00000000d5f00000, 0x00000000d9880000, 0x0000000100000000)
  eden space 31744K, 0% used [0x00000000d5f00000,0x00000000d5f00000,0x00000000d7e00000)
  from space 12288K, 81% used [0x00000000d8b00000,0x00000000d94c29f8,0x00000000d9700000)
  to   space 13312K, 0% used [0x00000000d7e00000,0x00000000d7e00000,0x00000000d8b00000)
 ParOldGen       total 87552K, used 14825K [0x0000000081c00000, 0x0000000087180000, 0x00000000d5f00000)
  object space 87552K, 16% used [0x0000000081c00000,0x0000000082a7a598,0x0000000087180000)
 Metaspace       used 12080K, capacity 12256K, committed 12416K, reserved 1060864K
  class space    used 1501K, capacity 1572K, committed 1664K, reserved 1048576K
}
Event: 39.773 GC heap before
{Heap before GC invocations=7 (full 0):
 PSYoungGen      total 44032K, used 41267K [0x00000000d5f00000, 0x00000000d9880000, 0x0000000100000000)
  eden space 31744K, 98% used [0x00000000d5f00000,0x00000000d7d8a4f8,0x00000000d7e00000)
  from space 12288K, 81% used [0x00000000d8b00000,0x00000000d94c29f8,0x00000000d9700000)
  to   space 13312K, 0% used [0x00000000d7e00000,0x00000000d7e00000,0x00000000d8b00000)
 ParOldGen       total 87552K, used 14825K [0x0000000081c00000, 0x0000000087180000, 0x00000000d5f00000)
  object space 87552K, 16% used [0x0000000081c00000,0x0000000082a7a598,0x0000000087180000)
 Metaspace       used 12089K, capacity 12320K, committed 12416K, reserved 1060864K
  class space    used 1501K, capacity 1572K, committed 1664K, reserved 1048576K
Event: 39.783 GC heap after
Heap after GC invocations=7 (full 0):
 PSYoungGen      total 44544K, used 1060K [0x00000000d5f00000, 0x00000000d9880000, 0x0000000100000000)
  eden space 31232K, 0% used [0x00000000d5f00000,0x00000000d5f00000,0x00000000d7d80000)
  from space 13312K, 7% used [0x00000000d7e00000,0x00000000d7f09048,0x00000000d8b00000)
  to   space 13824K, 0% used [0x00000000d8b00000,0x00000000d8b00000,0x00000000d9880000)
 ParOldGen       total 87552K, used 18978K [0x0000000081c00000, 0x0000000087180000, 0x00000000d5f00000)
  object space 87552K, 21% used [0x0000000081c00000,0x0000000082e88938,0x0000000087180000)
 Metaspace       used 12089K, capacity 12320K, committed 12416K, reserved 1060864K
  class space    used 1501K, capacity 1572K, committed 1664K, reserved 1048576K
}
Event: 48.689 GC heap before
{Heap before GC invocations=8 (full 0):
 PSYoungGen      total 44544K, used 31688K [0x00000000d5f00000, 0x00000000d9880000, 0x0000000100000000)
  eden space 31232K, 98% used [0x00000000d5f00000,0x00000000d7ce9048,0x00000000d7d80000)
  from space 13312K, 7% used [0x00000000d7e00000,0x00000000d7f09048,0x00000000d8b00000)
  to   space 13824K, 0% used [0x00000000d8b00000,0x00000000d8b00000,0x00000000d9880000)
 ParOldGen       total 87552K, used 18978K [0x0000000081c00000, 0x0000000087180000, 0x00000000d5f00000)
  object space 87552K, 21% used [0x0000000081c00000,0x0000000082e88938,0x0000000087180000)
 Metaspace       used 12109K, capacity 12320K, committed 12416K, reserved 1060864K
  class space    used 1501K, capacity 1572K, committed 1664K, reserved 1048576K
Event: 48.692 GC heap after
Heap after GC invocations=8 (full 0):
 PSYoungGen      total 44544K, used 160K [0x00000000d5f00000, 0x00000000d9900000, 0x0000000100000000)
  eden space 30720K, 0% used [0x00000000d5f00000,0x00000000d5f00000,0x00000000d7d00000)
  from space 13824K, 1% used [0x00000000d8b00000,0x00000000d8b28000,0x00000000d9880000)
  to   space 14336K, 0% used [0x00000000d7d00000,0x00000000d7d00000,0x00000000d8b00000)
 ParOldGen       total 87552K, used 19002K [0x0000000081c00000, 0x0000000087180000, 0x00000000d5f00000)
  object space 87552K, 21% used [0x0000000081c00000,0x0000000082e8e938,0x0000000087180000)
 Metaspace       used 12109K, capacity 12320K, committed 12416K, reserved 1060864K
  class space    used 1501K, capacity 1572K, committed 1664K, reserved 1048576K
}
Event: 56.691 GC heap before
{Heap before GC invocations=9 (full 0):
 PSYoungGen      total 44544K, used 30642K [0x00000000d5f00000, 0x00000000d9900000, 0x0000000100000000)
  eden space 30720K, 99% used [0x00000000d5f00000,0x00000000d7cc49e8,0x00000000d7d00000)
  from space 13824K, 1% used [0x00000000d8b00000,0x00000000d8b28000,0x00000000d9880000)
  to   space 14336K, 0% used [0x00000000d7d00000,0x00000000d7d00000,0x00000000d8b00000)
 ParOldGen       total 87552K, used 19002K [0x0000000081c00000, 0x0000000087180000, 0x00000000d5f00000)
  object space 87552K, 21% used [0x0000000081c00000,0x0000000082e8e938,0x0000000087180000)
 Metaspace       used 12124K, capacity 12320K, committed 12416K, reserved 1060864K
  class space    used 1501K, capacity 1572K, committed 1664K, reserved 1048576K
Event: 56.696 GC heap after
Heap after GC invocations=9 (full 0):
 PSYoungGen      total 31744K, used 1028K [0x00000000d5f00000, 0x00000000d9880000, 0x0000000100000000)
  eden space 30208K, 0% used [0x00000000d5f00000,0x00000000d5f00000,0x00000000d7c80000)
  from space 1536K, 66% used [0x00000000d7d00000,0x00000000d7e01048,0x00000000d7e80000)
  to   space 14336K, 0% used [0x00000000d8a80000,0x00000000d8a80000,0x00000000d9880000)
 ParOldGen       total 87552K, used 19010K [0x0000000081c00000, 0x0000000087180000, 0x00000000d5f00000)
  object space 87552K, 21% used [0x0000000081c00000,0x0000000082e90938,0x0000000087180000)
 Metaspace       used 12124K, capacity 12320K, committed 12416K, reserved 1060864K
  class space    used 1501K, capacity 1572K, committed 1664K, reserved 1048576K
}

