# JRE version: Java(TM) SE Runtime Environment (8.0_66-b17) (build 1.8.0_66-b17)
# Java VM: Java HotSpot(TM) 64-Bit Server VM (25.66-b17 mixed mode windows-amd64 compressed oops)
Heap:
 PSYoungGen      total 25088K, used 16674K [0x00000000d5f00000, 0x00000000d8680000, 0x0000000100000000)
  eden space 24064K, 66% used [0x00000000d5f00000,0x00000000d6e9c8e8,0x00000000d7680000)
  from space 1024K, 67% used [0x00000000d7680000,0x00000000d772c0d0,0x00000000d7780000)
  to   space 8192K, 0% used [0x00000000d7e80000,0x00000000d7e80000,0x00000000d8680000)
 ParOldGen       total 87552K, used 32309K [0x0000000081c00000, 0x0000000087180000, 0x00000000d5f00000)
  object space 87552K, 36% used [0x0000000081c00000,0x0000000083b8d548,0x0000000087180000)
 Metaspace       used 12994K, capacity 13196K, committed 13440K, reserved 1060864K
  class space    used 1545K, capacity 1604K, committed 1664K, reserved 1048576K
GC Heap History (10 events):
Event: 338.979 GC heap before
{Heap before GC invocations=23 (full 0):
 PSYoungGen      total 33792K, used 25294K [0x00000000d5f00000, 0x00000000d8a80000, 0x0000000100000000)
  eden space 24064K, 98% used [0x00000000d5f00000,0x00000000d762a898,0x00000000d7680000)
  from space 9728K, 16% used [0x00000000d8100000,0x00000000d8289108,0x00000000d8a80000)
  to   space 10240K, 0% used [0x00000000d7680000,0x00000000d7680000,0x00000000d8080000)
 ParOldGen       total 87552K, used 32229K [0x0000000081c00000, 0x0000000087180000, 0x00000000d5f00000)
  object space 87552K, 36% used [0x0000000081c00000,0x0000000083b79548,0x0000000087180000)
 Metaspace       used 12861K, capacity 13068K, committed 13184K, reserved 1060864K
  class space    used 1543K, capacity 1604K, committed 1664K, reserved 1048576K
Event: 338.981 GC heap after
Heap after GC invocations=23 (full 0):
 PSYoungGen      total 34304K, used 752K [0x00000000d5f00000, 0x00000000d8a80000, 0x0000000100000000)
  eden space 24064K, 0% used [0x00000000d5f00000,0x00000000d5f00000,0x00000000d7680000)
  from space 10240K, 7% used [0x00000000d7680000,0x00000000d773c0d0,0x00000000d8080000)
  to   space 10240K, 0% used [0x00000000d8080000,0x00000000d8080000,0x00000000d8a80000)
 ParOldGen       total 87552K, used 32245K [0x0000000081c00000, 0x0000000087180000, 0x00000000d5f00000)
  object space 87552K, 36% used [0x0000000081c00000,0x0000000083b7d548,0x0000000087180000)
 Metaspace       used 12861K, capacity 13068K, committed 13184K, reserved 1060864K
  class space    used 1543K, capacity 1604K, committed 1664K, reserved 1048576K
}
Event: 350.439 GC heap before
{Heap before GC invocations=24 (full 0):
 PSYoungGen      total 34304K, used 24453K [0x00000000d5f00000, 0x00000000d8a80000, 0x0000000100000000)
  eden space 24064K, 98% used [0x00000000d5f00000,0x00000000d76255e8,0x00000000d7680000)
  from space 10240K, 7% used [0x00000000d7680000,0x00000000d773c0d0,0x00000000d8080000)
  to   space 10240K, 0% used [0x00000000d8080000,0x00000000d8080000,0x00000000d8a80000)
 ParOldGen       total 87552K, used 32245K [0x0000000081c00000, 0x0000000087180000, 0x00000000d5f00000)
  object space 87552K, 36% used [0x0000000081c00000,0x0000000083b7d548,0x0000000087180000)
 Metaspace       used 12927K, capacity 13132K, committed 13440K, reserved 1060864K
  class space    used 1543K, capacity 1604K, committed 1664K, reserved 1048576K
Event: 350.444 GC heap after
Heap after GC invocations=24 (full 0):
 PSYoungGen      total 32256K, used 1572K [0x00000000d5f00000, 0x00000000d8880000, 0x0000000100000000)
  eden space 24064K, 0% used [0x00000000d5f00000,0x00000000d5f00000,0x00000000d7680000)
  from space 8192K, 19% used [0x00000000d8080000,0x00000000d8209108,0x00000000d8880000)
  to   space 9216K, 0% used [0x00000000d7680000,0x00000000d7680000,0x00000000d7f80000)
 ParOldGen       total 87552K, used 32261K [0x0000000081c00000, 0x0000000087180000, 0x00000000d5f00000)
  object space 87552K, 36% used [0x0000000081c00000,0x0000000083b81548,0x0000000087180000)
 Metaspace       used 12927K, capacity 13132K, committed 13440K, reserved 1060864K
  class space    used 1543K, capacity 1604K, committed 1664K, reserved 1048576K
}
Event: 363.218 GC heap before
{Heap before GC invocations=25 (full 0):
 PSYoungGen      total 32256K, used 25208K [0x00000000d5f00000, 0x00000000d8880000, 0x0000000100000000)
  eden space 24064K, 98% used [0x00000000d5f00000,0x00000000d7615090,0x00000000d7680000)
  from space 8192K, 19% used [0x00000000d8080000,0x00000000d8209108,0x00000000d8880000)
  to   space 9216K, 0% used [0x00000000d7680000,0x00000000d7680000,0x00000000d7f80000)
 ParOldGen       total 87552K, used 32261K [0x0000000081c00000, 0x0000000087180000, 0x00000000d5f00000)
  object space 87552K, 36% used [0x0000000081c00000,0x0000000083b81548,0x0000000087180000)
 Metaspace       used 12929K, capacity 13132K, committed 13440K, reserved 1060864K
  class space    used 1543K, capacity 1604K, committed 1664K, reserved 1048576K
Event: 363.221 GC heap after
Heap after GC invocations=25 (full 0):
 PSYoungGen      total 33280K, used 720K [0x00000000d5f00000, 0x00000000d8880000, 0x0000000100000000)
  eden space 24064K, 0% used [0x00000000d5f00000,0x00000000d5f00000,0x00000000d7680000)
  from space 9216K, 7% used [0x00000000d7680000,0x00000000d77340d0,0x00000000d7f80000)
  to   space 9216K, 0% used [0x00000000d7f80000,0x00000000d7f80000,0x00000000d8880000)
 ParOldGen       total 87552K, used 32277K [0x0000000081c00000, 0x0000000087180000, 0x00000000d5f00000)
  object space 87552K, 36% used [0x0000000081c00000,0x0000000083b85548,0x0000000087180000)
 Metaspace       used 12929K, capacity 13132K, committed 13440K, reserved 1060864K
  class space    used 1543K, capacity 1604K, committed 1664K, reserved 1048576K
}
Event: 374.883 GC heap before
{Heap before GC invocations=26 (full 0):
 PSYoungGen      total 33280K, used 24424K [0x00000000d5f00000, 0x00000000d8880000, 0x0000000100000000)
  eden space 24064K, 98% used [0x00000000d5f00000,0x00000000d7626018,0x00000000d7680000)
  from space 9216K, 7% used [0x00000000d7680000,0x00000000d77340d0,0x00000000d7f80000)
  to   space 9216K, 0% used [0x00000000d7f80000,0x00000000d7f80000,0x00000000d8880000)
 ParOldGen       total 87552K, used 32277K [0x0000000081c00000, 0x0000000087180000, 0x00000000d5f00000)
  object space 87552K, 36% used [0x0000000081c00000,0x0000000083b85548,0x0000000087180000)
 Metaspace       used 12942K, capacity 13132K, committed 13440K, reserved 1060864K
  class space    used 1543K, capacity 1604K, committed 1664K, reserved 1048576K
Event: 374.886 GC heap after
Heap after GC invocations=26 (full 0):
 PSYoungGen      total 32256K, used 1572K [0x00000000d5f00000, 0x00000000d8780000, 0x0000000100000000)
  eden space 24064K, 0% used [0x00000000d5f00000,0x00000000d5f00000,0x00000000d7680000)
  from space 8192K, 19% used [0x00000000d7f80000,0x00000000d8109108,0x00000000d8780000)
  to   space 8704K, 0% used [0x00000000d7680000,0x00000000d7680000,0x00000000d7f00000)
 ParOldGen       total 87552K, used 32285K [0x0000000081c00000, 0x0000000087180000, 0x00000000d5f00000)
  object space 87552K, 36% used [0x0000000081c00000,0x0000000083b87548,0x0000000087180000)
 Metaspace       used 12942K, capacity 13132K, committed 13440K, reserved 1060864K
  class space    used 1543K, capacity 1604K, committed 1664K, reserved 1048576K
}
Event: 387.766 GC heap before
{Heap before GC invocations=27 (full 0):
 PSYoungGen      total 32256K, used 25636K [0x00000000d5f00000, 0x00000000d8780000, 0x0000000100000000)
  eden space 24064K, 100% used [0x00000000d5f00000,0x00000000d7680000,0x00000000d7680000)
  from space 8192K, 19% used [0x00000000d7f80000,0x00000000d8109108,0x00000000d8780000)
  to   space 8704K, 0% used [0x00000000d7680000,0x00000000d7680000,0x00000000d7f00000)
 ParOldGen       total 87552K, used 32285K [0x0000000081c00000, 0x0000000087180000, 0x00000000d5f00000)
  object space 87552K, 36% used [0x0000000081c00000,0x0000000083b87548,0x0000000087180000)
 Metaspace       used 12977K, capacity 13196K, committed 13440K, reserved 1060864K
  class space    used 1543K, capacity 1604K, committed 1664K, reserved 1048576K
Event: 387.770 GC heap after
Heap after GC invocations=27 (full 0):
 PSYoungGen      total 25088K, used 688K [0x00000000d5f00000, 0x00000000d8680000, 0x0000000100000000)
  eden space 24064K, 0% used [0x00000000d5f00000,0x00000000d5f00000,0x00000000d7680000)
  from space 1024K, 67% used [0x00000000d7680000,0x00000000d772c0d0,0x00000000d7780000)
  to   space 8192K, 0% used [0x00000000d7e80000,0x00000000d7e80000,0x00000000d8680000)
 ParOldGen       total 87552K, used 32309K [0x0000000081c00000, 0x0000000087180000, 0x00000000d5f00000)
  object space 87552K, 36% used [0x0000000081c00000,0x0000000083b8d548,0x0000000087180000)
 Metaspace       used 12977K, capacity 13196K, committed 13440K, reserved 1060864K
  class space    used 1543K, capacity 1604K, committed 1664K, reserved 1048576K
}

