# JRE version: Java(TM) SE Runtime Environment (8.0_66-b17) (build 1.8.0_66-b17)
# Java VM: Java HotSpot(TM) 64-Bit Server VM (25.66-b17 mixed mode windows-amd64 compressed oops)
Heap:
 PSYoungGen      total 45568K, used 17706K [0x00000000d5f00000, 0x00000000d9b00000, 0x0000000100000000)
  eden space 31744K, 55% used [0x00000000d5f00000,0x00000000d7022820,0x00000000d7e00000)
  from space 13824K, 1% used [0x00000000d7e80000,0x00000000d7ea8000,0x00000000d8c00000)
  to   space 14848K, 0% used [0x00000000d8c80000,0x00000000d8c80000,0x00000000d9b00000)
 ParOldGen       total 87552K, used 28604K [0x0000000081c00000, 0x0000000087180000, 0x00000000d5f00000)
  object space 87552K, 32% used [0x0000000081c00000,0x00000000837ef0a8,0x0000000087180000)
 Metaspace       used 12165K, capacity 12396K, committed 12672K, reserved 1060864K
  class space    used 1503K, capacity 1572K, committed 1664K, reserved 1048576K
GC Heap History (10 events):
Event: 27.534 GC heap before
{Heap before GC invocations=3 (full 0):
 PSYoungGen      total 38400K, used 37638K [0x00000000d5f00000, 0x00000000d8980000, 0x0000000100000000)
  eden space 33280K, 97% used [0x00000000d5f00000,0x00000000d7ec6c30,0x00000000d7f80000)
  from space 5120K, 99% used [0x00000000d8480000,0x00000000d897ae48,0x00000000d8980000)
  to   space 5120K, 0% used [0x00000000d7f80000,0x00000000d7f80000,0x00000000d8480000)
 ParOldGen       total 87552K, used 9978K [0x0000000081c00000, 0x0000000087180000, 0x00000000d5f00000)
  object space 87552K, 11% used [0x0000000081c00000,0x00000000825be9d8,0x0000000087180000)
 Metaspace       used 12043K, capacity 12268K, committed 12416K, reserved 1060864K
  class space    used 1500K, capacity 1572K, committed 1664K, reserved 1048576K
Event: 27.541 GC heap after
Heap after GC invocations=3 (full 0):
 PSYoungGen      total 38400K, used 4231K [0x00000000d5f00000, 0x00000000d8980000, 0x0000000100000000)
  eden space 33280K, 0% used [0x00000000d5f00000,0x00000000d5f00000,0x00000000d7f80000)
  from space 5120K, 82% used [0x00000000d7f80000,0x00000000d83a1e00,0x00000000d8480000)
  to   space 5120K, 0% used [0x00000000d8480000,0x00000000d8480000,0x00000000d8980000)
 ParOldGen       total 87552K, used 9986K [0x0000000081c00000, 0x0000000087180000, 0x00000000d5f00000)
  object space 87552K, 11% used [0x0000000081c00000,0x00000000825c09d8,0x0000000087180000)
 Metaspace       used 12043K, capacity 12268K, committed 12416K, reserved 1060864K
  class space    used 1500K, capacity 1572K, committed 1664K, reserved 1048576K
}
Event: 35.453 GC heap before
{Heap before GC invocations=4 (full 0):
 PSYoungGen      total 38400K, used 36671K [0x00000000d5f00000, 0x00000000d8980000, 0x0000000100000000)
  eden space 33280K, 97% used [0x00000000d5f00000,0x00000000d7eadfe8,0x00000000d7f80000)
  from space 5120K, 82% used [0x00000000d7f80000,0x00000000d83a1e00,0x00000000d8480000)
  to   space 5120K, 0% used [0x00000000d8480000,0x00000000d8480000,0x00000000d8980000)
 ParOldGen       total 87552K, used 9986K [0x0000000081c00000, 0x0000000087180000, 0x00000000d5f00000)
  object space 87552K, 11% used [0x0000000081c00000,0x00000000825c09d8,0x0000000087180000)
 Metaspace       used 12064K, capacity 12268K, committed 12416K, reserved 1060864K
  class space    used 1501K, capacity 1572K, committed 1664K, reserved 1048576K
Event: 35.464 GC heap after
Heap after GC invocations=4 (full 0):
 PSYoungGen      total 38400K, used 5115K [0x00000000d5f00000, 0x00000000d8980000, 0x0000000100000000)
  eden space 33280K, 0% used [0x00000000d5f00000,0x00000000d5f00000,0x00000000d7f80000)
  from space 5120K, 99% used [0x00000000d8480000,0x00000000d897ee38,0x00000000d8980000)
  to   space 5120K, 0% used [0x00000000d7f80000,0x00000000d7f80000,0x00000000d8480000)
 ParOldGen       total 87552K, used 14817K [0x0000000081c00000, 0x0000000087180000, 0x00000000d5f00000)
  object space 87552K, 16% used [0x0000000081c00000,0x0000000082a78598,0x0000000087180000)
 Metaspace       used 12064K, capacity 12268K, committed 12416K, reserved 1060864K
  class space    used 1501K, capacity 1572K, committed 1664K, reserved 1048576K
}
Event: 42.832 GC heap before
{Heap before GC invocations=5 (full 0):
 PSYoungGen      total 38400K, used 37754K [0x00000000d5f00000, 0x00000000d8980000, 0x0000000100000000)
  eden space 33280K, 98% used [0x00000000d5f00000,0x00000000d7edfcd8,0x00000000d7f80000)
  from space 5120K, 99% used [0x00000000d8480000,0x00000000d897ee38,0x00000000d8980000)
  to   space 5120K, 0% used [0x00000000d7f80000,0x00000000d7f80000,0x00000000d8480000)
 ParOldGen       total 87552K, used 14817K [0x0000000081c00000, 0x0000000087180000, 0x00000000d5f00000)
  object space 87552K, 16% used [0x0000000081c00000,0x0000000082a78598,0x0000000087180000)
 Metaspace       used 12105K, capacity 12332K, committed 12672K, reserved 1060864K
  class space    used 1501K, capacity 1572K, committed 1664K, reserved 1048576K
Event: 42.843 GC heap after
Heap after GC invocations=5 (full 0):
 PSYoungGen      total 37888K, used 4215K [0x00000000d5f00000, 0x00000000d9900000, 0x0000000100000000)
  eden space 32768K, 0% used [0x00000000d5f00000,0x00000000d5f00000,0x00000000d7f00000)
  from space 5120K, 82% used [0x00000000d7f80000,0x00000000d839ddf0,0x00000000d8480000)
  to   space 13312K, 0% used [0x00000000d8c00000,0x00000000d8c00000,0x00000000d9900000)
 ParOldGen       total 87552K, used 19640K [0x0000000081c00000, 0x0000000087180000, 0x00000000d5f00000)
  object space 87552K, 22% used [0x0000000081c00000,0x0000000082f2e158,0x0000000087180000)
 Metaspace       used 12105K, capacity 12332K, committed 12672K, reserved 1060864K
  class space    used 1501K, capacity 1572K, committed 1664K, reserved 1048576K
}
Event: 50.155 GC heap before
{Heap before GC invocations=6 (full 0):
 PSYoungGen      total 37888K, used 36670K [0x00000000d5f00000, 0x00000000d9900000, 0x0000000100000000)
  eden space 32768K, 99% used [0x00000000d5f00000,0x00000000d7eb1aa0,0x00000000d7f00000)
  from space 5120K, 82% used [0x00000000d7f80000,0x00000000d839ddf0,0x00000000d8480000)
  to   space 13312K, 0% used [0x00000000d8c00000,0x00000000d8c00000,0x00000000d9900000)
 ParOldGen       total 87552K, used 19640K [0x0000000081c00000, 0x0000000087180000, 0x00000000d5f00000)
  object space 87552K, 22% used [0x0000000081c00000,0x0000000082f2e158,0x0000000087180000)
 Metaspace       used 12125K, capacity 12332K, committed 12672K, reserved 1060864K
  class space    used 1501K, capacity 1572K, committed 1664K, reserved 1048576K
Event: 50.167 GC heap after
Heap after GC invocations=6 (full 0):
 PSYoungGen      total 45568K, used 9962K [0x00000000d5f00000, 0x00000000d9980000, 0x0000000100000000)
  eden space 32256K, 0% used [0x00000000d5f00000,0x00000000d5f00000,0x00000000d7e80000)
  from space 13312K, 74% used [0x00000000d8c00000,0x00000000d95ba9f8,0x00000000d9900000)
  to   space 13824K, 0% used [0x00000000d7e80000,0x00000000d7e80000,0x00000000d8c00000)
 ParOldGen       total 87552K, used 19648K [0x0000000081c00000, 0x0000000087180000, 0x00000000d5f00000)
  object space 87552K, 22% used [0x0000000081c00000,0x0000000082f30158,0x0000000087180000)
 Metaspace       used 12125K, capacity 12332K, committed 12672K, reserved 1060864K
  class space    used 1501K, capacity 1572K, committed 1664K, reserved 1048576K
}
Event: 61.948 GC heap before
{Heap before GC invocations=7 (full 0):
 PSYoungGen      total 45568K, used 42174K [0x00000000d5f00000, 0x00000000d9980000, 0x0000000100000000)
  eden space 32256K, 99% used [0x00000000d5f00000,0x00000000d7e74fa8,0x00000000d7e80000)
  from space 13312K, 74% used [0x00000000d8c00000,0x00000000d95ba9f8,0x00000000d9900000)
  to   space 13824K, 0% used [0x00000000d7e80000,0x00000000d7e80000,0x00000000d8c00000)
 ParOldGen       total 87552K, used 19648K [0x0000000081c00000, 0x0000000087180000, 0x00000000d5f00000)
  object space 87552K, 22% used [0x0000000081c00000,0x0000000082f30158,0x0000000087180000)
 Metaspace       used 12133K, capacity 12332K, committed 12672K, reserved 1060864K
  class space    used 1501K, capacity 1572K, committed 1664K, reserved 1048576K
Event: 61.981 GC heap after
Heap after GC invocations=7 (full 0):
 PSYoungGen      total 45568K, used 160K [0x00000000d5f00000, 0x00000000d9b00000, 0x0000000100000000)
  eden space 31744K, 0% used [0x00000000d5f00000,0x00000000d5f00000,0x00000000d7e00000)
  from space 13824K, 1% used [0x00000000d7e80000,0x00000000d7ea8000,0x00000000d8c00000)
  to   space 14848K, 0% used [0x00000000d8c80000,0x00000000d8c80000,0x00000000d9b00000)
 ParOldGen       total 87552K, used 28604K [0x0000000081c00000, 0x0000000087180000, 0x00000000d5f00000)
  object space 87552K, 32% used [0x0000000081c00000,0x00000000837ef0a8,0x0000000087180000)
 Metaspace       used 12133K, capacity 12332K, committed 12672K, reserved 1060864K
  class space    used 1501K, capacity 1572K, committed 1664K, reserved 1048576K
}

