# JRE version: Java(TM) SE Runtime Environment (8.0_66-b17) (build 1.8.0_66-b17)
# Java VM: Java HotSpot(TM) 64-Bit Server VM (25.66-b17 mixed mode windows-amd64 compressed oops)
Heap:
 PSYoungGen      total 31232K, used 30763K [0x00000000d5f00000, 0x00000000d9000000, 0x0000000100000000)
  eden space 30720K, 99% used [0x00000000d5f00000,0x00000000d7cfaf30,0x00000000d7d00000)
  from space 512K, 12% used [0x00000000d7d80000,0x00000000d7d90000,0x00000000d7e00000)
  to   space 9728K, 0% used [0x00000000d8680000,0x00000000d8680000,0x00000000d9000000)
 ParOldGen       total 87552K, used 6947K [0x0000000081c00000, 0x0000000087180000, 0x00000000d5f00000)
  object space 87552K, 7% used [0x0000000081c00000,0x00000000822c8e18,0x0000000087180000)
 Metaspace       used 12504K, capacity 12688K, committed 12928K, reserved 1060864K
  class space    used 1526K, capacity 1604K, committed 1664K, reserved 1048576K
GC Heap History (10 events):
Event: 47.537 GC heap before
{Heap before GC invocations=5 (full 0):
 PSYoungGen      total 38400K, used 35904K [0x00000000d5f00000, 0x00000000d8980000, 0x0000000100000000)
  eden space 33280K, 99% used [0x00000000d5f00000,0x00000000d7f5f398,0x00000000d7f80000)
  from space 5120K, 53% used [0x00000000d8480000,0x00000000d8731048,0x00000000d8980000)
  to   space 5120K, 0% used [0x00000000d7f80000,0x00000000d7f80000,0x00000000d8480000)
 ParOldGen       total 87552K, used 5147K [0x0000000081c00000, 0x0000000087180000, 0x00000000d5f00000)
  object space 87552K, 5% used [0x0000000081c00000,0x0000000082106e18,0x0000000087180000)
 Metaspace       used 12339K, capacity 12560K, committed 12672K, reserved 1060864K
  class space    used 1524K, capacity 1604K, committed 1664K, reserved 1048576K
Event: 47.552 GC heap after
Heap after GC invocations=5 (full 0):
 PSYoungGen      total 37888K, used 1856K [0x00000000d5f00000, 0x00000000d9400000, 0x0000000100000000)
  eden space 32768K, 0% used [0x00000000d5f00000,0x00000000d5f00000,0x00000000d7f00000)
  from space 5120K, 36% used [0x00000000d7f80000,0x00000000d8150000,0x00000000d8480000)
  to   space 10752K, 0% used [0x00000000d8980000,0x00000000d8980000,0x00000000d9400000)
 ParOldGen       total 87552K, used 5155K [0x0000000081c00000, 0x0000000087180000, 0x00000000d5f00000)
  object space 87552K, 5% used [0x0000000081c00000,0x0000000082108e18,0x0000000087180000)
 Metaspace       used 12339K, capacity 12560K, committed 12672K, reserved 1060864K
  class space    used 1524K, capacity 1604K, committed 1664K, reserved 1048576K
}
Event: 55.651 GC heap before
{Heap before GC invocations=6 (full 0):
 PSYoungGen      total 37888K, used 33961K [0x00000000d5f00000, 0x00000000d9400000, 0x0000000100000000)
  eden space 32768K, 97% used [0x00000000d5f00000,0x00000000d7e5a538,0x00000000d7f00000)
  from space 5120K, 36% used [0x00000000d7f80000,0x00000000d8150000,0x00000000d8480000)
  to   space 10752K, 0% used [0x00000000d8980000,0x00000000d8980000,0x00000000d9400000)
 ParOldGen       total 87552K, used 5155K [0x0000000081c00000, 0x0000000087180000, 0x00000000d5f00000)
  object space 87552K, 5% used [0x0000000081c00000,0x0000000082108e18,0x0000000087180000)
 Metaspace       used 12365K, capacity 12560K, committed 12672K, reserved 1060864K
  class space    used 1524K, capacity 1604K, committed 1664K, reserved 1048576K
Event: 55.659 GC heap after
Heap after GC invocations=6 (full 0):
 PSYoungGen      total 41472K, used 1888K [0x00000000d5f00000, 0x00000000d9280000, 0x0000000100000000)
  eden space 32256K, 0% used [0x00000000d5f00000,0x00000000d5f00000,0x00000000d7e80000)
  from space 9216K, 20% used [0x00000000d8980000,0x00000000d8b58020,0x00000000d9280000)
  to   space 10240K, 0% used [0x00000000d7e80000,0x00000000d7e80000,0x00000000d8880000)
 ParOldGen       total 87552K, used 5163K [0x0000000081c00000, 0x0000000087180000, 0x00000000d5f00000)
  object space 87552K, 5% used [0x0000000081c00000,0x000000008210ae18,0x0000000087180000)
 Metaspace       used 12365K, capacity 12560K, committed 12672K, reserved 1060864K
  class space    used 1524K, capacity 1604K, committed 1664K, reserved 1048576K
}
Event: 62.101 GC heap before
{Heap before GC invocations=7 (full 0):
 PSYoungGen      total 41472K, used 33779K [0x00000000d5f00000, 0x00000000d9280000, 0x0000000100000000)
  eden space 32256K, 98% used [0x00000000d5f00000,0x00000000d7e24fc0,0x00000000d7e80000)
  from space 9216K, 20% used [0x00000000d8980000,0x00000000d8b58020,0x00000000d9280000)
  to   space 10240K, 0% used [0x00000000d7e80000,0x00000000d7e80000,0x00000000d8880000)
 ParOldGen       total 87552K, used 5163K [0x0000000081c00000, 0x0000000087180000, 0x00000000d5f00000)
  object space 87552K, 5% used [0x0000000081c00000,0x000000008210ae18,0x0000000087180000)
 Metaspace       used 12375K, capacity 12560K, committed 12672K, reserved 1060864K
  class space    used 1524K, capacity 1604K, committed 1664K, reserved 1048576K
Event: 62.111 GC heap after
Heap after GC invocations=7 (full 0):
 PSYoungGen      total 32256K, used 160K [0x00000000d5f00000, 0x00000000d9200000, 0x0000000100000000)
  eden space 31744K, 0% used [0x00000000d5f00000,0x00000000d5f00000,0x00000000d7e00000)
  from space 512K, 31% used [0x00000000d7e80000,0x00000000d7ea8000,0x00000000d7f00000)
  to   space 10240K, 0% used [0x00000000d8800000,0x00000000d8800000,0x00000000d9200000)
 ParOldGen       total 87552K, used 6902K [0x0000000081c00000, 0x0000000087180000, 0x00000000d5f00000)
  object space 87552K, 7% used [0x0000000081c00000,0x00000000822bd868,0x0000000087180000)
 Metaspace       used 12375K, capacity 12560K, committed 12672K, reserved 1060864K
  class space    used 1524K, capacity 1604K, committed 1664K, reserved 1048576K
}
Event: 69.326 GC heap before
{Heap before GC invocations=8 (full 0):
 PSYoungGen      total 32256K, used 31251K [0x00000000d5f00000, 0x00000000d9200000, 0x0000000100000000)
  eden space 31744K, 97% used [0x00000000d5f00000,0x00000000d7d5cf10,0x00000000d7e00000)
  from space 512K, 31% used [0x00000000d7e80000,0x00000000d7ea8000,0x00000000d7f00000)
  to   space 10240K, 0% used [0x00000000d8800000,0x00000000d8800000,0x00000000d9200000)
 ParOldGen       total 87552K, used 6902K [0x0000000081c00000, 0x0000000087180000, 0x00000000d5f00000)
  object space 87552K, 7% used [0x0000000081c00000,0x00000000822bd868,0x0000000087180000)
 Metaspace       used 12397K, capacity 12624K, committed 12928K, reserved 1060864K
  class space    used 1524K, capacity 1604K, committed 1664K, reserved 1048576K
Event: 69.328 GC heap after
Heap after GC invocations=8 (full 0):
 PSYoungGen      total 39936K, used 1060K [0x00000000d5f00000, 0x00000000d9080000, 0x0000000100000000)
  eden space 31232K, 0% used [0x00000000d5f00000,0x00000000d5f00000,0x00000000d7d80000)
  from space 8704K, 12% used [0x00000000d8800000,0x00000000d8909048,0x00000000d9080000)
  to   space 9728K, 0% used [0x00000000d7d80000,0x00000000d7d80000,0x00000000d8700000)
 ParOldGen       total 87552K, used 6926K [0x0000000081c00000, 0x0000000087180000, 0x00000000d5f00000)
  object space 87552K, 7% used [0x0000000081c00000,0x00000000822c3868,0x0000000087180000)
 Metaspace       used 12397K, capacity 12624K, committed 12928K, reserved 1060864K
  class space    used 1524K, capacity 1604K, committed 1664K, reserved 1048576K
}
Event: 76.370 GC heap before
{Heap before GC invocations=9 (full 0):
 PSYoungGen      total 39936K, used 32009K [0x00000000d5f00000, 0x00000000d9080000, 0x0000000100000000)
  eden space 31232K, 99% used [0x00000000d5f00000,0x00000000d7d39710,0x00000000d7d80000)
  from space 8704K, 12% used [0x00000000d8800000,0x00000000d8909048,0x00000000d9080000)
  to   space 9728K, 0% used [0x00000000d7d80000,0x00000000d7d80000,0x00000000d8700000)
 ParOldGen       total 87552K, used 6926K [0x0000000081c00000, 0x0000000087180000, 0x00000000d5f00000)
  object space 87552K, 7% used [0x0000000081c00000,0x00000000822c3868,0x0000000087180000)
 Metaspace       used 12416K, capacity 12624K, committed 12928K, reserved 1060864K
  class space    used 1524K, capacity 1604K, committed 1664K, reserved 1048576K
Event: 76.373 GC heap after
Heap after GC invocations=9 (full 0):
 PSYoungGen      total 31232K, used 64K [0x00000000d5f00000, 0x00000000d9000000, 0x0000000100000000)
  eden space 30720K, 0% used [0x00000000d5f00000,0x00000000d5f00000,0x00000000d7d00000)
  from space 512K, 12% used [0x00000000d7d80000,0x00000000d7d90000,0x00000000d7e00000)
  to   space 9728K, 0% used [0x00000000d8680000,0x00000000d8680000,0x00000000d9000000)
 ParOldGen       total 87552K, used 6947K [0x0000000081c00000, 0x0000000087180000, 0x00000000d5f00000)
  object space 87552K, 7% used [0x0000000081c00000,0x00000000822c8e18,0x0000000087180000)
 Metaspace       used 12416K, capacity 12624K, committed 12928K, reserved 1060864K
  class space    used 1524K, capacity 1604K, committed 1664K, reserved 1048576K
}

